<?xml version="1.0" encoding="UTF-8"?>
<!-- Generated by org.testng.reporters.JUnitXMLReporter -->
<testsuite hostname="DESKTOP-7J0E1U4" ignored="0" name="Test" tests="1" failures="1" timestamp="2022-01-05T20:37:29 CST" time="2.536" errors="0">
  <testcase name="empData" time="2.197" classname="test.GetEmployeeData">
    <failure type="java.lang.AssertionError" message="expected:&amp;lt;429&amp;gt; but was:&amp;lt;200&amp;gt;">
      <![CDATA[java.lang.AssertionError: expected:<429> but was:<200>
at test.GetEmployeeData.empData(GetEmployeeData.java:34)
at java.util.ArrayList.forEach(ArrayList.java:1257)
... Removed 32 stack frames]]>
    </failure>
  </testcase> <!-- empData -->
</testsuite> <!-- Test -->
